D:\HARDWARE-SOFTWARE CO-DESIGN\HW\SYSTEMC\EX2\8051_ISS\DEBUG\8051_ISS.EXE
D:\HARDWARE-SOFTWARE CO-DESIGN\HW\SYSTEMC\EX2\8051_ISS\DEBUG\8051_ISS.EXE.INTERMEDIATE.MANIFEST
D:\HARDWARE-SOFTWARE CO-DESIGN\HW\SYSTEMC\EX2\8051_ISS\DEBUG\8051_ISS.ILK
D:\HARDWARE-SOFTWARE CO-DESIGN\HW\SYSTEMC\EX2\8051_ISS\DEBUG\8051_ISS.OBJ
D:\HARDWARE-SOFTWARE CO-DESIGN\HW\SYSTEMC\EX2\8051_ISS\DEBUG\8051_ISS.PDB
D:\Hardware-Software Co-Design\HW\SystemC\EX2\8051_ISS\Debug\8051_ISS.vcxprojResolveAssemblyReference.cache
D:\Hardware-Software Co-Design\HW\SystemC\EX2\8051_ISS\Debug\8051_ISS.write.1.tlog
D:\Hardware-Software Co-Design\HW\SystemC\EX2\8051_ISS\Debug\cl.command.1.tlog
D:\Hardware-Software Co-Design\HW\SystemC\EX2\8051_ISS\Debug\CL.read.1.tlog
D:\Hardware-Software Co-Design\HW\SystemC\EX2\8051_ISS\Debug\CL.write.1.tlog
D:\HARDWARE-SOFTWARE CO-DESIGN\HW\SYSTEMC\EX2\8051_ISS\DEBUG\CORE_8051.OBJ
D:\HARDWARE-SOFTWARE CO-DESIGN\HW\SYSTEMC\EX2\8051_ISS\DEBUG\CREG.OBJ
D:\HARDWARE-SOFTWARE CO-DESIGN\HW\SYSTEMC\EX2\8051_ISS\DEBUG\FIR_ASIC.OBJ
D:\HARDWARE-SOFTWARE CO-DESIGN\HW\SYSTEMC\EX2\8051_ISS\DEBUG\KEYBOARD.OBJ
D:\HARDWARE-SOFTWARE CO-DESIGN\HW\SYSTEMC\EX2\8051_ISS\DEBUG\KEYBOARDCONTROLLER.OBJ
D:\Hardware-Software Co-Design\HW\SystemC\EX2\8051_ISS\Debug\link.command.1.tlog
D:\Hardware-Software Co-Design\HW\SystemC\EX2\8051_ISS\Debug\link.read.1.tlog
D:\Hardware-Software Co-Design\HW\SystemC\EX2\8051_ISS\Debug\link.write.1.tlog
D:\HARDWARE-SOFTWARE CO-DESIGN\HW\SYSTEMC\EX2\8051_ISS\DEBUG\MATRIX.OBJ
D:\Hardware-Software Co-Design\HW\SystemC\EX2\8051_ISS\Debug\mt.command.1.tlog
D:\Hardware-Software Co-Design\HW\SystemC\EX2\8051_ISS\Debug\mt.read.1.tlog
D:\Hardware-Software Co-Design\HW\SystemC\EX2\8051_ISS\Debug\mt.write.1.tlog
D:\HARDWARE-SOFTWARE CO-DESIGN\HW\SYSTEMC\EX2\8051_ISS\DEBUG\OP_BYTES.OBJ
D:\HARDWARE-SOFTWARE CO-DESIGN\HW\SYSTEMC\EX2\8051_ISS\DEBUG\PERIPH.OBJ
D:\HARDWARE-SOFTWARE CO-DESIGN\HW\SYSTEMC\EX2\8051_ISS\DEBUG\SRAM.OBJ
D:\HARDWARE-SOFTWARE CO-DESIGN\HW\SYSTEMC\EX2\8051_ISS\DEBUG\TOP.OBJ
D:\Hardware-Software Co-Design\HW\SystemC\EX2\8051_ISS\Debug\vc100.idb
D:\HARDWARE-SOFTWARE CO-DESIGN\HW\SYSTEMC\EX2\8051_ISS\DEBUG\VC100.PDB
D:\HARDWARE-SOFTWARE CO-DESIGN\HW\SYSTEMC\EX2\8051_ISS\DEBUG\XRAM.OBJ
